<?xml version="1.0" encoding="UTF-8"?>
<robot generator="Robot 3.1.2 (Python 3.7.3 on win32)" generated="20190801 10:41:31.631" rpa="false">
<suite id="s1" name="Tutorial2" source="C:\Users\mertcan.yuksekkaya\PycharmProjects\RobotTutoriall\tutorial2.robot">
<test id="s1-t1" name="get title">
<kw name="create session" type="setup">
<kw name="Open Browser" library="SeleniumLibrary">
<doc>Opens a new browser instance to the given ``url``.</doc>
<arguments>
<arg>about:blank</arg>
<arg>chrome</arg>
</arguments>
<msg timestamp="20190801 10:41:31.837" level="INFO">Opening browser 'chrome' to base url 'about:blank'.</msg>
<status status="PASS" starttime="20190801 10:41:31.837" endtime="20190801 10:41:34.005"></status>
</kw>
<kw name="Go To" library="SeleniumLibrary">
<doc>Navigates the active browser instance to the provided ``url``.</doc>
<arguments>
<arg>${TEST_URL}</arg>
</arguments>
<msg timestamp="20190801 10:41:34.005" level="INFO">Opening url 'http://thedemosite.co.uk/login.php'</msg>
<status status="PASS" starttime="20190801 10:41:34.005" endtime="20190801 10:41:34.536"></status>
</kw>
<status status="PASS" starttime="20190801 10:41:31.837" endtime="20190801 10:41:34.537"></status>
</kw>
<kw name="Get Title" library="SeleniumLibrary">
<doc>Returns the title of current page.</doc>
<assign>
<var>${TAB_TITLE}</var>
</assign>
<msg timestamp="20190801 10:41:34.546" level="INFO">${TAB_TITLE} = Login example page to test the PHP MySQL online system</msg>
<status status="PASS" starttime="20190801 10:41:34.537" endtime="20190801 10:41:34.546"></status>
</kw>
<kw name="Log To Console" library="BuiltIn">
<doc>Logs the given message to the console.</doc>
<arguments>
<arg>${TAB_TITLE}</arg>
</arguments>
<status status="PASS" starttime="20190801 10:41:34.546" endtime="20190801 10:41:34.547"></status>
</kw>
<kw name="Title Should Be" library="SeleniumLibrary">
<doc>Verifies that current page title equals ``title``.</doc>
<arguments>
<arg>Login example page to test the PHP MySQL online system</arg>
<arg>sekme başlığı istenilenden farklı!</arg>
</arguments>
<msg timestamp="20190801 10:41:34.554" level="INFO">Page title is 'Login example page to test the PHP MySQL online system'.</msg>
<status status="PASS" starttime="20190801 10:41:34.547" endtime="20190801 10:41:34.554"></status>
</kw>
<kw name="close session" type="teardown">
<kw name="Close Browser" library="SeleniumLibrary">
<doc>Closes the current browser.</doc>
<status status="PASS" starttime="20190801 10:41:34.555" endtime="20190801 10:41:36.683"></status>
</kw>
<status status="PASS" starttime="20190801 10:41:34.555" endtime="20190801 10:41:36.683"></status>
</kw>
<status status="PASS" starttime="20190801 10:41:31.836" endtime="20190801 10:41:36.684" critical="yes"></status>
</test>
<test id="s1-t2" name="get page title">
<kw name="create session" type="setup">
<kw name="Open Browser" library="SeleniumLibrary">
<doc>Opens a new browser instance to the given ``url``.</doc>
<arguments>
<arg>about:blank</arg>
<arg>chrome</arg>
</arguments>
<msg timestamp="20190801 10:41:36.689" level="INFO">Opening browser 'chrome' to base url 'about:blank'.</msg>
<status status="PASS" starttime="20190801 10:41:36.688" endtime="20190801 10:41:38.810"></status>
</kw>
<kw name="Go To" library="SeleniumLibrary">
<doc>Navigates the active browser instance to the provided ``url``.</doc>
<arguments>
<arg>${TEST_URL}</arg>
</arguments>
<msg timestamp="20190801 10:41:38.811" level="INFO">Opening url 'http://thedemosite.co.uk/login.php'</msg>
<status status="PASS" starttime="20190801 10:41:38.810" endtime="20190801 10:41:39.322"></status>
</kw>
<status status="PASS" starttime="20190801 10:41:36.688" endtime="20190801 10:41:39.322"></status>
</kw>
<kw name="Get Text" library="SeleniumLibrary">
<doc>Returns the text value of element identified by ``locator``.</doc>
<arguments>
<arg>xpath=//p/big/strong[text()='4. Login']</arg>
</arguments>
<assign>
<var>${PAGE_TITLE}</var>
</assign>
<msg timestamp="20190801 10:41:39.364" level="INFO">${PAGE_TITLE} = 4. Login</msg>
<status status="PASS" starttime="20190801 10:41:39.323" endtime="20190801 10:41:39.364"></status>
</kw>
<kw name="Log To Console" library="BuiltIn">
<doc>Logs the given message to the console.</doc>
<arguments>
<arg>${PAGE_TITLE}</arg>
</arguments>
<status status="PASS" starttime="20190801 10:41:39.365" endtime="20190801 10:41:39.365"></status>
</kw>
<kw name="Element Text Should Be" library="SeleniumLibrary">
<doc>Verifies that element ``locator`` contains exact text ``expected``.</doc>
<arguments>
<arg>xpath=//p/big/strong[text()='4. Login']</arg>
<arg>4. Login</arg>
<arg>sayfa başlığı istenilenden farklı!</arg>
</arguments>
<msg timestamp="20190801 10:41:39.366" level="INFO">Verifying element 'xpath=//p/big/strong[text()='4. Login']' contains exact text '4. Login'.</msg>
<status status="PASS" starttime="20190801 10:41:39.366" endtime="20190801 10:41:39.397"></status>
</kw>
<kw name="close session" type="teardown">
<kw name="Close Browser" library="SeleniumLibrary">
<doc>Closes the current browser.</doc>
<status status="PASS" starttime="20190801 10:41:39.398" endtime="20190801 10:41:41.520"></status>
</kw>
<status status="PASS" starttime="20190801 10:41:39.397" endtime="20190801 10:41:41.521"></status>
</kw>
<status status="PASS" starttime="20190801 10:41:36.687" endtime="20190801 10:41:41.521" critical="yes"></status>
</test>
<test id="s1-t3" name="get status message">
<kw name="create session" type="setup">
<kw name="Open Browser" library="SeleniumLibrary">
<doc>Opens a new browser instance to the given ``url``.</doc>
<arguments>
<arg>about:blank</arg>
<arg>chrome</arg>
</arguments>
<msg timestamp="20190801 10:41:41.526" level="INFO">Opening browser 'chrome' to base url 'about:blank'.</msg>
<status status="PASS" starttime="20190801 10:41:41.525" endtime="20190801 10:41:43.743"></status>
</kw>
<kw name="Go To" library="SeleniumLibrary">
<doc>Navigates the active browser instance to the provided ``url``.</doc>
<arguments>
<arg>${TEST_URL}</arg>
</arguments>
<msg timestamp="20190801 10:41:43.743" level="INFO">Opening url 'http://thedemosite.co.uk/login.php'</msg>
<status status="PASS" starttime="20190801 10:41:43.743" endtime="20190801 10:41:44.270"></status>
</kw>
<status status="PASS" starttime="20190801 10:41:41.524" endtime="20190801 10:41:44.270"></status>
</kw>
<kw name="Get Text" library="SeleniumLibrary">
<doc>Returns the text value of element identified by ``locator``.</doc>
<arguments>
<arg>//b[text()='**No login attempted**']</arg>
</arguments>
<assign>
<var>${STATUS_MESSAGE}</var>
</assign>
<msg timestamp="20190801 10:41:44.313" level="INFO">${STATUS_MESSAGE} = **No login attempted**</msg>
<status status="PASS" starttime="20190801 10:41:44.271" endtime="20190801 10:41:44.313"></status>
</kw>
<kw name="Log To Console" library="BuiltIn">
<doc>Logs the given message to the console.</doc>
<arguments>
<arg>${STATUS_MESSAGE}</arg>
</arguments>
<status status="PASS" starttime="20190801 10:41:44.314" endtime="20190801 10:41:44.314"></status>
</kw>
<kw name="Element Text Should Be" library="SeleniumLibrary">
<doc>Verifies that element ``locator`` contains exact text ``expected``.</doc>
<arguments>
<arg>xpath=//b[text()='**No login attempted**']</arg>
<arg>**No login attempted**</arg>
<arg>statü message istenilenden farklı!</arg>
</arguments>
<msg timestamp="20190801 10:41:44.315" level="INFO">Verifying element 'xpath=//b[text()='**No login attempted**']' contains exact text '**No login attempted**'.</msg>
<status status="PASS" starttime="20190801 10:41:44.314" endtime="20190801 10:41:44.342"></status>
</kw>
<kw name="close session" type="teardown">
<kw name="Close Browser" library="SeleniumLibrary">
<doc>Closes the current browser.</doc>
<status status="PASS" starttime="20190801 10:41:44.343" endtime="20190801 10:41:46.464"></status>
</kw>
<status status="PASS" starttime="20190801 10:41:44.343" endtime="20190801 10:41:46.464"></status>
</kw>
<status status="PASS" starttime="20190801 10:41:41.524" endtime="20190801 10:41:46.465" critical="yes"></status>
</test>
<test id="s1-t4" name="get page information message">
<kw name="create session" type="setup">
<kw name="Open Browser" library="SeleniumLibrary">
<doc>Opens a new browser instance to the given ``url``.</doc>
<arguments>
<arg>about:blank</arg>
<arg>chrome</arg>
</arguments>
<msg timestamp="20190801 10:41:46.469" level="INFO">Opening browser 'chrome' to base url 'about:blank'.</msg>
<status status="PASS" starttime="20190801 10:41:46.469" endtime="20190801 10:41:48.644"></status>
</kw>
<kw name="Go To" library="SeleniumLibrary">
<doc>Navigates the active browser instance to the provided ``url``.</doc>
<arguments>
<arg>${TEST_URL}</arg>
</arguments>
<msg timestamp="20190801 10:41:48.644" level="INFO">Opening url 'http://thedemosite.co.uk/login.php'</msg>
<status status="PASS" starttime="20190801 10:41:48.644" endtime="20190801 10:41:49.155"></status>
</kw>
<status status="PASS" starttime="20190801 10:41:46.469" endtime="20190801 10:41:49.155"></status>
</kw>
<kw name="Get Text" library="SeleniumLibrary">
<doc>Returns the text value of element identified by ``locator``.</doc>
<arguments>
<arg>//blockquote/p</arg>
</arguments>
<assign>
<var>${INFORMATION_MESSAGE}</var>
</assign>
<msg timestamp="20190801 10:41:49.206" level="INFO">${INFORMATION_MESSAGE} = Enter your login details you added on the previous page and test the login.
The success or failure will be shown above.</msg>
<status status="PASS" starttime="20190801 10:41:49.156" endtime="20190801 10:41:49.206"></status>
</kw>
<kw name="Log To Console" library="BuiltIn">
<doc>Logs the given message to the console.</doc>
<arguments>
<arg>${INFORMATION_MESSAGE}</arg>
</arguments>
<status status="PASS" starttime="20190801 10:41:49.207" endtime="20190801 10:41:49.207"></status>
</kw>
<kw name="Element Should Contain" library="SeleniumLibrary">
<doc>Verifies that element ``locator`` contains text ``expected``.</doc>
<arguments>
<arg>xpath=//blockquote/p</arg>
<arg>Enter your login details you added on the previous page and test the login.</arg>
</arguments>
<msg timestamp="20190801 10:41:49.234" level="INFO">Element 'xpath=//blockquote/p' contains text 'Enter your login details you added on the previous page and test the login.'.</msg>
<status status="PASS" starttime="20190801 10:41:49.208" endtime="20190801 10:41:49.234"></status>
</kw>
<kw name="close session" type="teardown">
<kw name="Close Browser" library="SeleniumLibrary">
<doc>Closes the current browser.</doc>
<status status="PASS" starttime="20190801 10:41:49.235" endtime="20190801 10:41:51.362"></status>
</kw>
<status status="PASS" starttime="20190801 10:41:49.234" endtime="20190801 10:41:51.362"></status>
</kw>
<status status="PASS" starttime="20190801 10:41:46.468" endtime="20190801 10:41:51.363" critical="yes"></status>
</test>
<doc>Robotframework test örneği</doc>
<status status="PASS" starttime="20190801 10:41:31.633" endtime="20190801 10:41:51.365"></status>
</suite>
<statistics>
<total>
<stat pass="4" fail="0">Critical Tests</stat>
<stat pass="4" fail="0">All Tests</stat>
</total>
<tag>
</tag>
<suite>
<stat pass="4" fail="0" id="s1" name="Tutorial2">Tutorial2</stat>
</suite>
</statistics>
<errors>
</errors>
</robot>
